<?xml version="1.0" encoding="UTF-8"?>
<!-- Generated by org.testng.reporters.JUnitReportReporter -->
<testsuite skipped="0" hostname="DESKTOP-KU8BOS8" name="nonAPITest" tests="1" failures="0" timestamp="03 nov 2020 03:57:46 GMT" time="5.069" errors="0">
  <testcase name="estatus" time="5.069" classname="nonAPITest"/>
</testsuite> <!-- nonAPITest -->
