<?xml version="1.0" encoding="UTF-8"?>
<!-- Generated by org.testng.reporters.JUnitReportReporter -->
<testsuite skipped="0" hostname="DESKTOP-KU8BOS8" name="UserTests" tests="4" failures="0" timestamp="03 nov 2020 03:57:46 GMT" time="3.869" errors="0">
  <testcase name="sincredenciales" time="0.609" classname="UserTests"/>
  <testcase name="RandomNameSinBody" time="1.748" classname="UserTests"/>
  <testcase name="sameName" time="0.657" classname="UserTests"/>
  <testcase name="ObtenerName" time="0.855" classname="UserTests"/>
</testsuite> <!-- UserTests -->
